<?xml version="1.0" encoding="UTF-8"?>
<robot generator="Robot 4.0 (Python 3.6.5 on win32)" generated="20210412 18:44:50.014" rpa="false" schemaversion="2">
<suite id="s1" name="Amazon" source="C:\Users\CemileAslan\PycharmProjects\amazon\tests\Amazon.robot">
<test id="s1-t1" name="User can search for products">
<kw name="Begin Web Test" library="Common" type="SETUP">
<kw name="Open Browser" library="SeleniumLibrary">
<arg>about:blank</arg>
<arg>chrome</arg>
<doc>Opens a new browser instance to the optional ``url``.</doc>
<msg timestamp="20210412 18:44:51.349" level="INFO">Opening browser 'chrome' to base url 'about:blank'.</msg>
<status status="PASS" starttime="20210412 18:44:51.345" endtime="20210412 18:44:54.695"/>
</kw>
<status status="PASS" starttime="20210412 18:44:51.338" endtime="20210412 18:44:54.696"/>
</kw>
<kw name="Search for Products" library="AmazonApp">
<kw name="Go To" library="SeleniumLibrary">
<arg>https://www.amazon.com.tr</arg>
<doc>Navigates the current browser window to the provided ``url``.</doc>
<msg timestamp="20210412 18:44:54.701" level="INFO">Opening url 'https://www.amazon.com.tr'</msg>
<status status="PASS" starttime="20210412 18:44:54.700" endtime="20210412 18:45:03.207"/>
</kw>
<kw name="Wait Until Page Contains" library="SeleniumLibrary">
<arg>Çok Satanlar</arg>
<doc>Waits until ``text`` appears on the current page.</doc>
<status status="PASS" starttime="20210412 18:45:03.208" endtime="20210412 18:45:03.302"/>
</kw>
<kw name="Input Text" library="SeleniumLibrary">
<arg>id=twotabsearchtextbox</arg>
<arg>iPhone 12</arg>
<doc>Types the given ``text`` into the text field identified by ``locator``.</doc>
<msg timestamp="20210412 18:45:03.305" level="INFO">Typing text 'iPhone 12' into text field 'id=twotabsearchtextbox'.</msg>
<status status="PASS" starttime="20210412 18:45:03.302" endtime="20210412 18:45:03.836"/>
</kw>
<kw name="Click Button" library="SeleniumLibrary">
<arg>xpath=//*[@id="nav-search-submit-button"]</arg>
<doc>Clicks the button identified by ``locator``.</doc>
<msg timestamp="20210412 18:45:03.838" level="INFO">Clicking button 'xpath=//*[@id="nav-search-submit-button"]'.</msg>
<status status="PASS" starttime="20210412 18:45:03.837" endtime="20210412 18:45:08.540"/>
</kw>
<kw name="Wait Until Page Contains" library="SeleniumLibrary">
<arg>Aranan ürün: "iPhone 12"</arg>
<doc>Waits until ``text`` appears on the current page.</doc>
<status status="PASS" starttime="20210412 18:45:08.541" endtime="20210412 18:45:08.644"/>
</kw>
<status status="PASS" starttime="20210412 18:44:54.699" endtime="20210412 18:45:08.644"/>
</kw>
<kw name="End Web Test" library="Common" type="TEARDOWN">
<kw name="Close Browser" library="SeleniumLibrary">
<doc>Closes the current browser.</doc>
<status status="PASS" starttime="20210412 18:45:08.649" endtime="20210412 18:45:11.447"/>
</kw>
<status status="PASS" starttime="20210412 18:45:08.647" endtime="20210412 18:45:11.447"/>
</kw>
<doc>This is some basic info about the test</doc>
<tag>Smoke</tag>
<status status="PASS" starttime="20210412 18:44:51.250" endtime="20210412 18:45:11.449"/>
</test>
<test id="s1-t2" name="User must sign in to check out">
<kw name="Begin Web Test" library="Common" type="SETUP">
<kw name="Open Browser" library="SeleniumLibrary">
<arg>about:blank</arg>
<arg>chrome</arg>
<doc>Opens a new browser instance to the optional ``url``.</doc>
<msg timestamp="20210412 18:45:11.459" level="INFO">Opening browser 'chrome' to base url 'about:blank'.</msg>
<status status="PASS" starttime="20210412 18:45:11.459" endtime="20210412 18:45:14.017"/>
</kw>
<status status="PASS" starttime="20210412 18:45:11.457" endtime="20210412 18:45:14.018"/>
</kw>
<kw name="Search for Products" library="AmazonApp">
<kw name="Go To" library="SeleniumLibrary">
<arg>https://www.amazon.com.tr</arg>
<doc>Navigates the current browser window to the provided ``url``.</doc>
<msg timestamp="20210412 18:45:14.021" level="INFO">Opening url 'https://www.amazon.com.tr'</msg>
<status status="PASS" starttime="20210412 18:45:14.020" endtime="20210412 18:45:22.097"/>
</kw>
<kw name="Wait Until Page Contains" library="SeleniumLibrary">
<arg>Çok Satanlar</arg>
<doc>Waits until ``text`` appears on the current page.</doc>
<status status="PASS" starttime="20210412 18:45:22.097" endtime="20210412 18:45:22.304"/>
</kw>
<kw name="Input Text" library="SeleniumLibrary">
<arg>id=twotabsearchtextbox</arg>
<arg>iPhone 12</arg>
<doc>Types the given ``text`` into the text field identified by ``locator``.</doc>
<msg timestamp="20210412 18:45:22.306" level="INFO">Typing text 'iPhone 12' into text field 'id=twotabsearchtextbox'.</msg>
<status status="PASS" starttime="20210412 18:45:22.304" endtime="20210412 18:45:22.928"/>
</kw>
<kw name="Click Button" library="SeleniumLibrary">
<arg>xpath=//*[@id="nav-search-submit-button"]</arg>
<doc>Clicks the button identified by ``locator``.</doc>
<msg timestamp="20210412 18:45:22.930" level="INFO">Clicking button 'xpath=//*[@id="nav-search-submit-button"]'.</msg>
<status status="PASS" starttime="20210412 18:45:22.929" endtime="20210412 18:45:28.808"/>
</kw>
<kw name="Wait Until Page Contains" library="SeleniumLibrary">
<arg>Aranan ürün: "iPhone 12"</arg>
<doc>Waits until ``text`` appears on the current page.</doc>
<status status="PASS" starttime="20210412 18:45:28.810" endtime="20210412 18:45:28.894"/>
</kw>
<status status="PASS" starttime="20210412 18:45:14.019" endtime="20210412 18:45:28.894"/>
</kw>
<kw name="Select Product from Search Results" library="AmazonApp">
<kw name="Click Link" library="SeleniumLibrary">
<arg>css=#search &gt; div.s-desktop-width-max.s-opposite-dir &gt; div &gt; div.s-matching-dir.sg-col-16-of-20.sg-col.sg-col-8-of-12.sg-col-12-of-16 &gt; div &gt; span:nth-child(4) &gt; div.s-main-slot.s-result-list.s-search-results.sg-row &gt; div:nth-child(2) &gt; div &gt; span &gt; div &gt; div &gt; div:nth-child(3) &gt; h2 &gt; a</arg>
<doc>Clicks a link identified by ``locator``.</doc>
<msg timestamp="20210412 18:45:28.897" level="INFO">Clicking link 'css=#search &gt; div.s-desktop-width-max.s-opposite-dir &gt; div &gt; div.s-matching-dir.sg-col-16-of-20.sg-col.sg-col-8-of-12.sg-col-12-of-16 &gt; div &gt; span:nth-child(4) &gt; div.s-main-slot.s-result-list.s-search-results.sg-row &gt; div:nth-child(2) &gt; div &gt; span &gt; div &gt; div &gt; div:nth-child(3) &gt; h2 &gt; a'.</msg>
<status status="PASS" starttime="20210412 18:45:28.896" endtime="20210412 18:45:32.942"/>
</kw>
<kw name="Wait Until Page Contains" library="SeleniumLibrary">
<arg>Sonuçlara dön</arg>
<doc>Waits until ``text`` appears on the current page.</doc>
<status status="PASS" starttime="20210412 18:45:32.942" endtime="20210412 18:45:33.114"/>
</kw>
<status status="PASS" starttime="20210412 18:45:28.895" endtime="20210412 18:45:33.115"/>
</kw>
<kw name="Add Product to Cart" library="AmazonApp">
<kw name="Click Button" library="SeleniumLibrary">
<arg>id=add-to-cart-button</arg>
<doc>Clicks the button identified by ``locator``.</doc>
<msg timestamp="20210412 18:45:33.120" level="INFO">Clicking button 'id=add-to-cart-button'.</msg>
<status status="PASS" starttime="20210412 18:45:33.119" endtime="20210412 18:45:36.351"/>
</kw>
<kw name="Wait Until Page Contains" library="SeleniumLibrary">
<arg>Sepete Eklendi</arg>
<doc>Waits until ``text`` appears on the current page.</doc>
<status status="PASS" starttime="20210412 18:45:36.351" endtime="20210412 18:45:36.684"/>
</kw>
<status status="PASS" starttime="20210412 18:45:33.117" endtime="20210412 18:45:36.685"/>
</kw>
<kw name="Begin Checkout" library="AmazonApp">
<kw name="Click Link" library="SeleniumLibrary">
<arg>css=#hlb-ptc-btn-native</arg>
<doc>Clicks a link identified by ``locator``.</doc>
<msg timestamp="20210412 18:45:36.688" level="INFO">Clicking link 'css=#hlb-ptc-btn-native'.</msg>
<status status="PASS" starttime="20210412 18:45:36.687" endtime="20210412 18:45:38.941"/>
</kw>
<status status="PASS" starttime="20210412 18:45:36.686" endtime="20210412 18:45:38.941"/>
</kw>
<kw name="End Web Test" library="Common" type="TEARDOWN">
<kw name="Close Browser" library="SeleniumLibrary">
<doc>Closes the current browser.</doc>
<status status="PASS" starttime="20210412 18:45:38.946" endtime="20210412 18:45:41.997"/>
</kw>
<status status="PASS" starttime="20210412 18:45:38.943" endtime="20210412 18:45:41.997"/>
</kw>
<doc>This is some basic info about the test</doc>
<tag>Smoke</tag>
<status status="PASS" starttime="20210412 18:45:11.454" endtime="20210412 18:45:41.998"/>
</test>
<doc>This is some basic info about the whole suite</doc>
<status status="PASS" starttime="20210412 18:44:50.021" endtime="20210412 18:45:42.005"/>
</suite>
<statistics>
<total>
<stat pass="2" fail="0" skip="0">All Tests</stat>
</total>
<tag>
<stat pass="2" fail="0" skip="0">Smoke</stat>
</tag>
<suite>
<stat pass="2" fail="0" skip="0" id="s1" name="Amazon">Amazon</stat>
</suite>
</statistics>
<errors>
</errors>
</robot>
